<component name="libraryTable">
  <library name="junit-4.11">
    <CLASSES>
      <root url="jar://$PROJECT_DIR$/src/ru/ifmo/ctddev/Voronina/walk/junit-4.11.jar!/" />
      <root url="jar://$PROJECT_DIR$/src/ru/ifmo/ctddev/Voronina/walk/WalkTest.jar!/" />
    </CLASSES>
    <JAVADOC />
    <SOURCES />
  </library>
</component>